<?xml version="1.0" encoding="UTF-8"?>
<testsuite xmlns:xsi="http://www.w3.org/2001/XMLSchema-instance" xsi:noNamespaceSchemaLocation="https://maven.apache.org/surefire/maven-surefire-plugin/xsd/surefire-test-report-3.0.xsd" version="3.0" name="runners.CukesRunner" time="102.39" tests="1" errors="0" skipped="0" failures="0">
  <properties>
[...]
</properties>
  <testcase name="As a user I can book on booking.com" classname="Booking a ticket" time="100.737">
    <system-out><![CDATA[
@smoke
Scenario: As a user I can book on booking.com                                                          &amp#27;[90m# src/test/resources/features/booking.feature:4&amp#27;[0m
  &amp#27;[32mGiven &amp#27;[0m&amp#27;[32muser should be able to go url&amp#27;[0m                                                                  &amp#27;[90m# stepdefinitions.Booking_Step_Def.userShouldBeAbleToGoUrl()&amp#27;[0m
  &amp#27;[32mWhen &amp#27;[0m&amp#27;[32muser should be able to click place input&amp#27;[0m                                                        &amp#27;[90m# stepdefinitions.Booking_Step_Def.userShouldBeAbleToClickPlaceInput()&amp#27;[0m
  &amp#27;[32mAnd &amp#27;[0m&amp#27;[32muser should be able to choose Check-in date&amp#27;[0m                                                      &amp#27;[90m# stepdefinitions.Booking_Step_Def.userShouldBeAbleToChooseCheckInDate()&amp#27;[0m
  &amp#27;[32mAnd &amp#27;[0m&amp#27;[32muser should be able to choose Check-out date&amp#27;[0m                                                     &amp#27;[90m# stepdefinitions.Booking_Step_Def.userShouldBeAbleToChooseCheckOutDate()&amp#27;[0m
  &amp#27;[32mThen &amp#27;[0m&amp#27;[32muser should be able to click search button&amp#27;[0m                                                      &amp#27;[90m# stepdefinitions.Booking_Step_Def.userShouldBeAbleToClickSearchButton()&amp#27;[0m
Number of properties = Porto: 949 properties found
--------------------------------------------------
  &amp#27;[32mAnd &amp#27;[0m&amp#27;[32muser can see total number of properties&amp#27;[0m                                                          &amp#27;[90m# stepdefinitions.Booking_Step_Def.userCanSeeTotalNumberOfProperties()&amp#27;[0m
expected check in = 25Sunday,December25,2022
actual check in = 25Sunday,December25,2022
  &amp#27;[32mThen &amp#27;[0m&amp#27;[32muser Verify the Check-in date on the left is &amp#27;[0m&amp#27;[32m&amp#27;[1m25&amp#27;[0m&amp#27;[32m &amp#27;[0m&amp#27;[32m&amp#27;[1m"Sunday"&amp#27;[0m&amp#27;[32m, &amp#27;[0m&amp#27;[32m&amp#27;[1m"December"&amp#27;[0m&amp#27;[32m &amp#27;[0m&amp#27;[32m&amp#27;[1m25&amp#27;[0m&amp#27;[32m, &amp#27;[0m&amp#27;[32m&amp#27;[1m2022&amp#27;[0m&amp#27;[32m of next month&amp#27;[0m     &amp#27;[90m# stepdefinitions.Booking_Step_Def.userVerifyTheCheckInDateOnTheLeftIsOfNextMonth(int,java.lang.String,java.lang.String,int,int)&amp#27;[0m
--------------------------------------------------
expected check out = 28Wednesday,December28,2022
actual check out = 28Wednesday,December28,2022
  &amp#27;[32mThen &amp#27;[0m&amp#27;[32muser Verify the Check-out date on the left is &amp#27;[0m&amp#27;[32m&amp#27;[1m28&amp#27;[0m&amp#27;[32m &amp#27;[0m&amp#27;[32m&amp#27;[1m"Wednesday"&amp#27;[0m&amp#27;[32m, &amp#27;[0m&amp#27;[32m&amp#27;[1m"December"&amp#27;[0m&amp#27;[32m &amp#27;[0m&amp#27;[32m&amp#27;[1m28&amp#27;[0m&amp#27;[32m, &amp#27;[0m&amp#27;[32m&amp#27;[1m2022&amp#27;[0m&amp#27;[32m of next month&amp#27;[0m &amp#27;[90m# stepdefinitions.Booking_Step_Def.userVerifyTheCheckOutDateOnTheLeftIsOfNextMonth(int,java.lang.String,java.lang.String,int,int)&amp#27;[0m
--------------------------------------------------
--------------------------------------------------
size of properties = 25
Name of place : Oporto Golden View Ribeira
Name of place : Bonjardim 560
Name of place : Pur Oporto Boutique Hotel by actahotels
Name of place : Zero Box Lodge Porto
Name of place : The Brewmaster’s House - Casa da Picaria
Name of place : Residencia LIS B&B
Name of place : YOTEL Porto
Name of place : The Gate
Name of place : TURIM Oporto Hotel
Name of place : the gallery Studios II
Name of place : Legendary Porto Hotel
Name of place : Hotel Internacional Porto
Name of place : Casa Kala
Name of place : Hotel Peninsular- Porto
Name of place : Hotel do Norte
Name of place : Catalonia Porto
Name of place : BessaHotel Baixa
Name of place : Vera Cruz Porto Downtown Hotel
Name of place : Villa Invicta II
Name of place : Torel Avantgarde
Name of place : Acta The Avenue
Name of place : Pao de Acucar Hotel
Name of place : Casual Raízes Porto
Name of place : Virtudes City Lofts
  &amp#27;[32mAnd &amp#27;[0m&amp#27;[32muser should Print the names of the properties found on this first page&amp#27;[0m                           &amp#27;[90m# stepdefinitions.Booking_Step_Def.userShouldPrintTheNamesOfThePropertiesFoundOnThisFirstPage()&amp#27;[0m
]]></system-out>
    <system-err><![CDATA[Dec 22, 2022 3:06:59 PM io.cucumber.junit.Cucumber <init>
WARNING: By default Cucumber is running in --non-strict mode.
This default will change to --strict and --non-strict will be removed.
You can use --strict or @CucumberOptions(strict = true) to suppress this warning
SLF4J: Failed to load class "org.slf4j.impl.StaticLoggerBinder".
SLF4J: Defaulting to no-operation (NOP) logger implementation
SLF4J: See http://www.slf4j.org/codes.html#StaticLoggerBinder for further details.
Starting ChromeDriver 103.0.5060.134 (8ec6fce403b3feb0869b0732eda8bd95011d333c-refs/branch-heads/5060@{#1262}) on port 17311
Only local connections are allowed.
Please see https://chromedriver.chromium.org/security-considerations for suggestions on keeping ChromeDriver safe.
ChromeDriver was started successfully.
Dec 22, 2022 3:07:16 PM org.openqa.selenium.remote.ProtocolHandshake createSession
INFO: Detected dialect: W3C
]]></system-err>
  </testcase>
</testsuite>